Arguments: 
  C:\Program Files\nodejs\node.exe C:\Users\Administrator\AppData\Roaming\npm\node_modules\yarn\bin\yarn.js

PATH: 
  D:\Program Files\Git\mingw32\bin;D:\Program Files\Git\usr\bin;C:\Users\Administrator\bin;C:\Windows\system32;C:\Windows;C:\Windows\System32\Wbem;C:\Windows\System32\WindowsPowerShell\v1.0;C:\Program Files\Microsoft VS Code\bin;C:\Program Files\nodejs;D:\Program Files\Git\cmd;C:\Users\Administrator\AppData\Roaming\npm

Yarn version: 
  1.19.1

Node version: 
  12.11.1

Platform: 
  win32 ia32

Trace: 
  Error: write EPROTO 2652:error:14094410:SSL routines:ssl3_read_bytes:sslv3 alert handshake failure:c:\ws\deps\openssl\openssl\ssl\record\rec_layer_s3.c:1536:SSL alert number 40
  
      at WriteWrap.onWriteComplete [as oncomplete] (internal/stream_base_commons.js:87:16)

npm manifest: 
  {
    "name": "webpack",
    "version": "1.0.0",
    "description": "webpack instance",
    "private": true,
    "scripts": {
      "build": "webpack",
      "test": "echo \"错误：没有测试脚本\" && exit 1"
    },
    "author": "yyj4399",
    "license": "MIT",
    "dependencies": {
      "lodash": "^4.17.15",
      "webpack": "^4.41.2",
      "webpack-cli": "^3.3.9"
    }
  }

yarn manifest: 
  No manifest

Lockfile: 
  No lockfile
